0 info it worked if it ends with ok
1 verbose cli [ '/opt/local/bin/node',
1 verbose cli   '/opt/local/bin/npm',
1 verbose cli   'run',
1 verbose cli   'build:debug' ]
2 info using npm@2.15.2
3 info using node@v4.4.2
4 verbose run-script [ 'prebuild:debug', 'build:debug', 'postbuild:debug' ]
5 info prebuild:debug @kurlytail/model@99.99.99
6 info build:debug @kurlytail/model@99.99.99
7 verbose unsafe-perm in lifecycle true
8 info @kurlytail/model@99.99.99 Failed to exec build:debug script
9 verbose stack Error: @kurlytail/model@99.99.99 build:debug: `NODE_ENV="debug" npm run build`
9 verbose stack Exit status 1
9 verbose stack     at EventEmitter.<anonymous> (/opt/local/lib/node_modules/npm/lib/utils/lifecycle.js:217:16)
9 verbose stack     at emitTwo (events.js:87:13)
9 verbose stack     at EventEmitter.emit (events.js:172:7)
9 verbose stack     at ChildProcess.<anonymous> (/opt/local/lib/node_modules/npm/lib/utils/spawn.js:24:14)
9 verbose stack     at emitTwo (events.js:87:13)
9 verbose stack     at ChildProcess.emit (events.js:172:7)
9 verbose stack     at maybeClose (internal/child_process.js:827:16)
9 verbose stack     at Process.ChildProcess._handle.onexit (internal/child_process.js:211:5)
10 verbose pkgid @kurlytail/model@99.99.99
11 verbose cwd /Users/ashwinkn/personal/model
12 error Darwin 17.2.0
13 error argv "/opt/local/bin/node" "/opt/local/bin/npm" "run" "build:debug"
14 error node v4.4.2
15 error npm  v2.15.2
16 error code ELIFECYCLE
17 error @kurlytail/model@99.99.99 build:debug: `NODE_ENV="debug" npm run build`
17 error Exit status 1
18 error Failed at the @kurlytail/model@99.99.99 build:debug script 'NODE_ENV="debug" npm run build'.
18 error This is most likely a problem with the @kurlytail/model package,
18 error not with npm itself.
18 error Tell the author that this fails on your system:
18 error     NODE_ENV="debug" npm run build
18 error You can get information on how to open an issue for this project with:
18 error     npm bugs @kurlytail/model
18 error Or if that isn't available, you can get their info via:
18 error
18 error     npm owner ls @kurlytail/model
18 error There is likely additional logging output above.
19 verbose exit [ 1, true ]
